Base path: C:/Program Files/Unity/Editor/Data
Pipe name: \\.\pipe\UnityShaderCompiler-2-5520
Cmd: getPlatforms
Cmd: compileSnippet
  api=4 type=0 insize=1462 outsize=990 kw= ok=1
Cmd: compileSnippet
  api=4 type=1 insize=1462 outsize=2282 kw= ok=1
Cmd: compileSnippet
  api=4 type=0 insize=3086 outsize=990 kw= ok=1
Cmd: compileSnippet
  api=8 type=0 insize=3086 outsize=1438 kw= ok=1
Cmd: compileSnippet
  api=4 type=1 insize=3086 outsize=1339 kw= ok=1
Cmd: compileSnippet
  api=4 type=0 insize=3085 outsize=990 kw= ok=1
Cmd: compileSnippet
  api=8 type=0 insize=3085 outsize=1438 kw= ok=1
Cmd: compileSnippet
  api=4 type=1 insize=3085 outsize=1209 kw= ok=1
Cmd: compileSnippet
  api=4 type=0 insize=3130 outsize=990 kw= ok=1
Cmd: compileSnippet
  api=8 type=0 insize=3130 outsize=1438 kw= ok=1
Cmd: compileSnippet
  api=4 type=1 insize=3130 outsize=2623 kw= ok=1
Cmd: compileSnippet
  api=4 type=0 insize=1244 outsize=1298 kw= ok=1
Cmd: compileSnippet
  api=8 type=0 insize=1244 outsize=1958 kw= ok=1
Cmd: compileSnippet
  api=4 type=1 insize=1244 outsize=1428 kw= ok=1
Cmd: compileSnippet
  api=4 type=0 insize=1347 outsize=1558 kw= ok=1
Cmd: compileSnippet
  api=8 type=0 insize=1347 outsize=2275 kw= ok=1
Cmd: compileSnippet
  api=4 type=1 insize=1347 outsize=1940 kw= ok=1
Unhandled exception: Readfile from pipe failed. GLE=Pipe terminata.


Quitting shader compiler process
